8
30
4
8
4
8
12
4
2
8
9
8
12
6
4
24
4
8
16
16
4
8
2
2
15
12
8
16
4
4
2
10
6
16
2
4
8
14
8
18
4
8
2
4
8
4
18
4
4
6
4
18
4
4
4
8
9
16
16
4
4
2
8
2
8
4
24
8
12
2
4
4
20
2
6
4
6
4
4
14
9
8
4
12
8
4
8
2
6
4
4
4
8
8
8
8
28
16
12
2
2
22
6
24
4
2
4
8
4
4
24
8
6
4
16
8
2
2
8
2
8
4
4
4
4
4
4
2
2
8
4
12
2
4
14
2
12
8
2
4
8
2
8
2
2
2
10
8
24
2
8
4
4
9
16
4
12
2
4
4
2
24
4
8
8
6
8
16
12
8
12
21
3
8
4
2
8
4
2
12
8
4
4
32
2
2
16
6
20
6
2
8
2
16
20
8
4
2
16
2
4
8
16
12
8
8
10
12
24
32
8
16
2
4
2
4
4
8
16
8
6
4
16
4
8
8
4
4
6
18
4
6
6
4
8
2
2
16
12
2
12
8
2
8
24
8
8
24
2
12
2
6
8
20
42
4
8
8
24
16
16
2
8
8
6
16
4
2
6
8
4
12
4
5
2
16
16
2
6
4
4
32
12
12
10
4
12
4
4
16
2
6
16
8
6
6
8
6
8
8
30
8
8
6
8
8
2
4
4
30
4
4
24
8
4
2
8
8
20
4
10
6
8
8
4
12
4
4
4
8
8
6
4
2
4
16
2
8
8
24
8
20
24
8
4
12
12
8
16
4
8
12
8
8
6
6
24
12
15
4
18
8
8
6
4
2
2
16
4
8
6
8
4
2
6
8
12
4
8
12
4
24
16
4
2
4
8
8
4
9
8
2
8
18
18
6
8
8
20
16
8
12
8
16
20
20
12
8
8
16
4
8
16
12
12
24
4
8
8
4
4
12
16
4
2
16
16
12
4
2
8
16
6
6
8
16
6
16
4
4
8
4
12
4
8
4
16
8
6
8
12
6
16
4
12
16
2
12
8
8
16
2
4
12
8
4
4
6
6
4
2
4
4
2
4
4
2
8
4
8
2
8
40
2
4
4
4
24
8
2
4
12
4
12
12
8
4
2
18
8
4
6
6
4
12
4
2
2
6
4
4
4
4
16
6
24
16
2
16
8
2
24
4
16
16
6
16
16
16
4
32
8
12
20
4
12
2
8
4
8
6
4
8
12
6
6
8
10
8
2
8
8
2
6
2
2
4
8
2
32
36
16
36
12
4
4
16
24
4
2
4
6
2
6
2
4
16
24
10
4
4
8
8
12
4
20
2
4
4
4
16
36
2
8
6
4
8
4
4
16
36
12
6
4
2
12
18
16
18
4
4
24
8
6
8
10
2
2
6
2
21
4
12
12
4
6
2
8
8
12
9
4
4
6
8
24
2
2
4
8
20
8
12
2
14
10
12
2
2
4
4
4
4
4
2
6
6
12
4
2
2
24
8
12
24
2
4
4
8
4
4
6
10
4
4
12
4
16
4
24
2
24
12
16
2
6
4
6
18
8
12
8
8
6
6
4
2
2
6
4
8
4
16
4
12
2
6
2
4
2
16
4
18
8
2
10
16
6
6
4
4
4
24
20
8
4
6
2
4
2
4
6
8
4
2
16
16
4
4
8
4
4
8
4
4
6
8
4
4
2
6
8
4
2
10
6
4
6
4
16
12
2
6
4
12
2
6
8
4
8
27
18
8
4
12
6
6
14
4
6
2
4
6
4
4
8
32
8
24
12
4
24
8
16
6
4
4
24
12
4
16
14
18
4
2
2
2
4
12
8
4
24
2
8
16
4
2
4
8
24
6
4
4
8
12
30
2
8
30
4
4
2
4
2
6
10
6
20
8
2
4
24
2
4
4
16
16
2
8
12
4
9
8
8
4
12
8
2
18
4
8
24
18
2
8
2
10
6
4
8
8
4
12
2
2
4
16
4
8
12
8
2
4
8
16
4
30
4
12
8
2
4
8
6
4
8
12
4
8
2
4
12
2
10
16
8
8
4
8
24
2
20
8
8
18
8
8
24
8
2
16
4
6
12
4
4
24
8
4
24
8
4