4
16
4
4
4
2
6
8
8
2
12
2
6
2
4
8
4
24
4
8
2
8
2
2
8
6
24
12
4
4
2
12
8
12
12
3
12
4
2
6
8
8
6
4
8
6
30
4
2
12
4
8
4
4
8
10
24
6
4
2
2
6
8
4
6
6
10
4
4
6
12
4
30
2
20
3
6
8
6
16
9
20
12
12
8
8
4
2
24
2
4
12
4
8
2
4
12
18
12
4
2
12
6
12
4
6
6
8
2
8
8
4
2
8
18
8
2
4
4
8
8
4
4
4
6
6
8
2
6
2
2
4
2
4
18
2
12
4
4
4
24
6
12
4
8
4
10
8
24
4
12
2
8
6
12
4
10
2
4
6
4
8
4
8
4
12
4
4
12
4
12
6
4
4
4
4
2
2
2
16
8
4
2
16
2
2
18
4
12
2
2
8
4
4
24
8
4
2
8
2
4
8
4
4
8
24
12
4
8
12
8
16
4
4
4
4
16
4
14
4
12
4
4
2
4
8
4
4
6
12
4
12
12
4
2
4
4
8
12
2
16
16
2
4
12
8
12
10
4
12
2
4
2
6
20
2
4
12
8
6
6
6
8
4
6
36
4
4
7
8
8
4
4
2
2
10
24
2
12
4
4
6
8
16
4
8
2
4
4
4
3
6
4
8
8
2
12
18
8
8
6
8
8
8
16
2
2
8
2
24
4
8
24
8
4
2
6
12
8
4
10
2
8
8
12
4
2
2
2
4
4
6
4
2
4
8
2
24
8
24
6
4
8
4
8
2
24
4
4
16
16
6
2
4
24
2
8
6
18
8
18
14
4
10
2
4
2
8
12
4
6
4
4
4
12
8
12
4
12
15
8
8
16
4
4
4
8
8
4
24
10
6
8
12
12
12
8
2
6
16
24
4
8
8
24
12
4
20
16
8
12
8
8
24
6
6
4
12
8
2
4
10
8
4
2
12
12
12
16
2
8
8
8
6
4
16
4
16
4
4
4
16
16
4
16
12
8
2
6
16
8
8
6
2
2
8
4
3
8
10
4
2
4
24
4
2
4
8
4
12
4
4
8
4
4
16
4
2
4
2
6
8
16
2
4
4
3
8
12
4
4
8
4
12
6
8
2
2
6
12
2
6
4
4
3
4
2
2
8
2
4
6
4
6
6
12
4
2
10
24
6
24
4
6
8
12
16
12
16
4
12
2
12
6
4
18
10
4
4
8
2
4
12
12
14
8
4
6
12
2
12
2
2
12
8
4
4
8
4
32
12
8
6
4
16
2
12
4
4
2
4
2
4
16
2
4
8
12
8
4
4
4
8
24
8
12
4
4
8
4
30
36
4
8
6
8
4
12
8
24
10
2
8
4
2
4
20
6
6
3
2
16
18
20
12
4
4
2
2
4
21
2
2
2
6
8
6
8
24
6
9
2
6
16
16
6
2
4
8
8
12
8
12
8
12
8
8
2
4
4
4
4
4
16
8
4
2
12
4
2
4
12
4
8
24
8
4
4
8
4
4
15
4
10
8
10
4
16
4
16
4
12
8
16
2
6
8
8
8
8
20
8
4
6
8
8
2
2
6
2
8
4
10
4
8
2
12
4
4
2
16
4
6
16
6
4
8
6
4
4
4
4
24
24
12
8
4
8
8
4
4
6
8
2
4
6
16
4
2
30
2
2
4
16
8
12
12
4
8
4
6
8
8
4
6
20
2
8
8
4
4
12
10
8
8
8
6
8
4
4
24
8
8
2
16
6
6
24
2
12
3
4
6
4
4
12
6
4
18
20
4
16
8
16
10
4
4
12
12
4
4
6
12
4
2
2
2
4
8
8
2
12
4
8
4
12
6
4
8
8
4
6
8
8
8
18
4
16
27
4
8
8
2
4
6
6
4
4
4
2
2
24
4
4
6
18
12
4
24
4
4
9
4
2
8
6
2
2
12
2
10
9
12
4
12
6
16
6
2
6
16
8
14
4
2
4
8
2
8
6
8
4
4
4
10
6
6
4
4
24
4
8
6
4
16
8
12
4
8
4
4
8
8
6
4
4
6
2
4
14
4
6
16
12
12
4
4
4
4
4
24
3
4
6
4
8
30
8
4
16
8
4
16
4
8
2
4
12
2
12
4
6
16
12
2
4
4
16
4
2
2
2
20
8
2
15
32
18
4
4
12
8
2
4
4
2
4
2
2
8
12
2
2
4
8
18
8
12
4
4
6
16
6
8
8
8
18
2
2
16
8
4
8
4
8
8
12
4
16
2